2019-01-30 13:48:48 [127.0.0.1][5][-][warning][FormOfListOfDocuments] Call unload FormOfListOfDocuments
    in G:\usr\www\ecr\common\modules\ImportListOfDocuments.php:26
    in G:\usr\www\ecr\frontend\controllers\MaterialController.php:82
2019-01-30 13:48:48 [127.0.0.1][5][-][warning][FormOfListOfDocuments] Parameters
    in G:\usr\www\ecr\common\modules\ImportListOfDocuments.php:27
    in G:\usr\www\ecr\frontend\controllers\MaterialController.php:82
2019-01-30 13:48:48 [127.0.0.1][5][-][warning][FormOfListOfDocuments] {"mol_guid":"07b7112a-40af-11e8-8114-005056b47a2e"}
    in G:\usr\www\ecr\common\modules\ImportListOfDocuments.php:28
    in G:\usr\www\ecr\frontend\controllers\MaterialController.php:82
2019-01-30 13:48:48 [127.0.0.1][5][-][warning][FormOfListOfDocuments] SoapFault: SOAP-ERROR: Parsing WSDL: Couldn't load from 'https://crm.omegamail.org/usotest/ws/drrload.1cws?wsdl' : failed to load external entity "https://crm.omegamail.org/usotest/ws/drrload.1cws?wsdl"

    in G:\usr\www\ecr\common\modules\ImportListOfDocuments.php:56
    in G:\usr\www\ecr\frontend\controllers\MaterialController.php:82
2019-01-30 13:48:47 [127.0.0.1][5][-][info][application] $_GET = [
    'r' => 'material/index'
]

$_POST = []

$_FILES = []

$_COOKIE = [
    'ecr-frontend' => '8su5jr6jns3t8v8qm93bvsl7k7'
    '_identity-ecr-frontend' => '1f87278c4b6ed1a6019984d47beff5430f57053a05e22ac571e64fad05c29736a:2:{i:0;s:22:\"_identity-ecr-frontend\";i:1;s:46:\"[5,\"3PcHmf5C0ey0JizdY492Up3qCPhLarns\",2592000]\";}'
    '_csrf' => '8dd3ecf17e19058c806bfe806f3cb3cbd08cb65586757963a2b5aaf0efc489e9a:2:{i:0;s:5:\"_csrf\";i:1;s:32:\"JOECutl9qO5CbOyjqENpZCzfh1tRBvwz\";}'
]

$_SESSION = [
    '__flash' => [
        'success' => -1
        'error' => -1
    ]
    '__returnUrl' => '/'
    '__id' => 5
    'success' => 'Заявка сохранена'
    'error' => 'Произошла ошибка при запросе документов из 1С : SOAP-ERROR: Parsing WSDL: Couldn\'t load from \'https://crm.omegamail.org/usotest/ws/drrload.1cws?wsdl\' : failed to load external entity \"https://crm.omegamail.org/usotest/ws/drrload.1cws?wsdl\"
'
]

$_SERVER = [
    'HTTP_HOST' => 'ecr:8080'
    'HTTP_CONNECTION' => 'keep-alive'
    'HTTP_CACHE_CONTROL' => 'max-age=0'
    'HTTP_UPGRADE_INSECURE_REQUESTS' => '1'
    'HTTP_USER_AGENT' => 'Mozilla/5.0 (Windows NT 6.1; Win64; x64) AppleWebKit/537.36 (KHTML, like Gecko) Chrome/71.0.3578.98 Safari/537.36'
    'HTTP_DNT' => '1'
    'HTTP_ACCEPT' => 'text/html,application/xhtml+xml,application/xml;q=0.9,image/webp,image/apng,*/*;q=0.8'
    'HTTP_REFERER' => 'http://ecr:8080/index.php?r=material%2Fform&id=1'
    'HTTP_ACCEPT_ENCODING' => 'gzip, deflate'
    'HTTP_ACCEPT_LANGUAGE' => 'ru-RU,ru;q=0.9,en-US;q=0.8,en;q=0.7'
    'HTTP_COOKIE' => 'ecr-frontend=8su5jr6jns3t8v8qm93bvsl7k7; _identity-ecr-frontend=1f87278c4b6ed1a6019984d47beff5430f57053a05e22ac571e64fad05c29736a%3A2%3A%7Bi%3A0%3Bs%3A22%3A%22_identity-ecr-frontend%22%3Bi%3A1%3Bs%3A46%3A%22%5B5%2C%223PcHmf5C0ey0JizdY492Up3qCPhLarns%22%2C2592000%5D%22%3B%7D; _csrf=8dd3ecf17e19058c806bfe806f3cb3cbd08cb65586757963a2b5aaf0efc489e9a%3A2%3A%7Bi%3A0%3Bs%3A5%3A%22_csrf%22%3Bi%3A1%3Bs%3A32%3A%22JOECutl9qO5CbOyjqENpZCzfh1tRBvwz%22%3B%7D'
    'PATH' => 'C:\\ProgramData\\Oracle\\Java\\javapath;C:\\Windows\\system32;C:\\Windows;C:\\Windows\\System32\\Wbem;C:\\Windows\\System32\\WindowsPowerShell\\v1.0\\;C:\\Program Files\\Microsoft SQL Server\\110\\Tools\\Binn\\;C:\\Program Files (x86)\\Microsoft SDKs\\TypeScript\\1.0\\;C:\\Program Files\\Microsoft SQL Server\\120\\Tools\\Binn\\;C:\\Program Files\\Microsoft\\Web Platform Installer\\;C:\\Program Files\\TortoiseSVN\\bin;C:\\Program Files (x86)\\Common Files\\Acronis\\SnapAPI\\;G:\\usr\\php\\;C:\\Program Files (x86)\\Microsoft SQL Server\\100\\Tools\\Binn\\;C:\\Program Files\\Microsoft SQL Server\\100\\Tools\\Binn\\;C:\\Program Files\\Microsoft SQL Server\\100\\DTS\\Binn\\;C:\\Program Files (x86)\\Microsoft SQL Server\\110\\Tools\\Binn\\ManagementStudio\\;C:\\Program Files (x86)\\Microsoft SQL Server\\110\\Tools\\Binn\\;C:\\Program Files (x86)\\Microsoft SQL Server\\110\\DTS\\Binn\\;C:\\Microsoft SQL Server Migration Assistant for MySQL\\bin\\;C:\\Users\\magomed\\AppData\\Roaming\\Composer\\vendor\\bin\\;G:\\usr\\mysql\\MySQL\\MySQL Server 5.5\\bin;G:\\usr\\apache;G:\\usr\\apache\\bin;C:\\Program Files (x86)\\Microsoft ASP.NET\\ASP.NET Web Pages\\v1.0\\;C:\\Program Files\\nodejs\\;C:\\Program Files (x86)\\Skype\\Phone\\;G:\\usr\\phpunit;G:\\usr\\py35\\Scripts\\;G:\\usr\\py35\\;C:\\Program Files\\Git\\cmd;GG:\\usr\\php72xampp;\\usr\\php72xampp\\ext;G:\\usr\\www;G:\\ProgramFiles\\rabbitmq\\rabbitmq_server-3.7.5\\sbin;'
    'SystemRoot' => 'C:\\Windows'
    'COMSPEC' => 'C:\\Windows\\system32\\cmd.exe'
    'PATHEXT' => '.COM;.EXE;.BAT;.CMD;.VBS;.VBE;.JS;.JSE;.WSF;.WSH;.MSC;.PY;.PYW'
    'WINDIR' => 'C:\\Windows'
    'SERVER_SIGNATURE' => ''
    'SERVER_SOFTWARE' => 'Apache/2.4.25 (Win64) PHP/7.2.13'
    'SERVER_NAME' => 'ecr'
    'SERVER_ADDR' => '127.0.0.1'
    'SERVER_PORT' => '8080'
    'REMOTE_ADDR' => '127.0.0.1'
    'DOCUMENT_ROOT' => 'G:/usr/www/ecr/frontend/web'
    'REQUEST_SCHEME' => 'http'
    'CONTEXT_PREFIX' => ''
    'CONTEXT_DOCUMENT_ROOT' => 'G:/usr/www/ecr/frontend/web'
    'SERVER_ADMIN' => 'ali@admin.com'
    'SCRIPT_FILENAME' => 'G:/usr/www/ecr/frontend/web/index.php'
    'REMOTE_PORT' => '63614'
    'GATEWAY_INTERFACE' => 'CGI/1.1'
    'SERVER_PROTOCOL' => 'HTTP/1.1'
    'REQUEST_METHOD' => 'GET'
    'QUERY_STRING' => 'r=material%2Findex'
    'REQUEST_URI' => '/index.php?r=material%2Findex'
    'SCRIPT_NAME' => '/index.php'
    'PHP_SELF' => '/index.php'
    'REQUEST_TIME_FLOAT' => 1548856127.947
    'REQUEST_TIME' => 1548856127
]
2019-01-30 14:30:44 [127.0.0.1][5][-][warning][Unloadremnantseries] Call unload Unloadremnantseries
    in G:\usr\www\ecr\common\modules\ImportRemnantsWithSeries.php:26
    in G:\usr\www\ecr\frontend\controllers\TransferMaterialsController.php:150
2019-01-30 14:30:44 [127.0.0.1][5][-][warning][Unloadremnantseries] Parameters
    in G:\usr\www\ecr\common\modules\ImportRemnantsWithSeries.php:27
    in G:\usr\www\ecr\frontend\controllers\TransferMaterialsController.php:150
2019-01-30 14:30:44 [127.0.0.1][5][-][warning][Unloadremnantseries] {"guidmol":"07b7112a-40af-11e8-8114-005056b47a2e"}
    in G:\usr\www\ecr\common\modules\ImportRemnantsWithSeries.php:28
    in G:\usr\www\ecr\frontend\controllers\TransferMaterialsController.php:150
2019-01-30 14:30:56 [127.0.0.1][5][-][warning][Unloadremnantseries] Response
    in G:\usr\www\ecr\common\modules\ImportRemnantsWithSeries.php:32
    in G:\usr\www\ecr\frontend\controllers\TransferMaterialsController.php:150
2019-01-30 14:30:56 [127.0.0.1][5][-][warning][Unloadremnantseries] {"return":{"remnant":[{"mol_guid":"07b7112a-40af-11e8-8114-005056b47a2e","datetime":"2019-01-30T17:31:19","nomenclature_name":"\u0422\u0435\u0440\u043c\u043e\u043f\u043b\u0430\u0441\u0442\u0438\u043a \u0431\u0435\u043b\u044b\u0439 (\u041f\u043b\u0430\u0441\u0442\u0438\u0434\u043e\u0440-\u0422 \u0417\u0430\u043a\u0443\u043f\u043d\u043e\u0439)","nomenclature_guid":"08070b75-9baa-11e8-811a-005056b47a2e","series_name":"\u042225\/08-01","series_guid":"7243999a-d382-11e8-8124-005056b47a2e","count":-210},{"mol_guid":"07b7112a-40af-11e8-8114-005056b47a2e","datetime":"2019-01-30T17:31:19","nomenclature_name":"\u041c\u0421\u0428 500-900 (\u0421\u0444\u0435\u0440\u0430\u0441\u0442\u0435\u043a \u0417\u0430\u043a\u0443\u043f\u043d\u043e\u0439) ","nomenclature_guid":"4d4cb38a-a096-11e8-811a-005056b47a2e","series_name":"180-2","series_guid":"cc0d7fb5-706e-11e8-8119-005056b47a2e","count":-73}],"success":true}}
    in G:\usr\www\ecr\common\modules\ImportRemnantsWithSeries.php:33
    in G:\usr\www\ecr\frontend\controllers\TransferMaterialsController.php:150
2019-01-30 14:30:44 [127.0.0.1][5][-][info][application] $_GET = [
    'r' => 'transfer-materials/form'
]

$_POST = []

$_FILES = []

$_COOKIE = [
    'ecr-frontend' => '8su5jr6jns3t8v8qm93bvsl7k7'
    '_identity-ecr-frontend' => '1f87278c4b6ed1a6019984d47beff5430f57053a05e22ac571e64fad05c29736a:2:{i:0;s:22:\"_identity-ecr-frontend\";i:1;s:46:\"[5,\"3PcHmf5C0ey0JizdY492Up3qCPhLarns\",2592000]\";}'
    '_csrf' => '8dd3ecf17e19058c806bfe806f3cb3cbd08cb65586757963a2b5aaf0efc489e9a:2:{i:0;s:5:\"_csrf\";i:1;s:32:\"JOECutl9qO5CbOyjqENpZCzfh1tRBvwz\";}'
]

$_SESSION = [
    '__flash' => []
    '__returnUrl' => '/'
    '__id' => 5
]

$_SERVER = [
    'HTTP_HOST' => 'ecr:8080'
    'HTTP_CONNECTION' => 'keep-alive'
    'HTTP_UPGRADE_INSECURE_REQUESTS' => '1'
    'HTTP_USER_AGENT' => 'Mozilla/5.0 (Windows NT 6.1; Win64; x64) AppleWebKit/537.36 (KHTML, like Gecko) Chrome/71.0.3578.98 Safari/537.36'
    'HTTP_DNT' => '1'
    'HTTP_ACCEPT' => 'text/html,application/xhtml+xml,application/xml;q=0.9,image/webp,image/apng,*/*;q=0.8'
    'HTTP_ACCEPT_ENCODING' => 'gzip, deflate'
    'HTTP_ACCEPT_LANGUAGE' => 'ru-RU,ru;q=0.9,en-US;q=0.8,en;q=0.7'
    'HTTP_COOKIE' => 'ecr-frontend=8su5jr6jns3t8v8qm93bvsl7k7; _identity-ecr-frontend=1f87278c4b6ed1a6019984d47beff5430f57053a05e22ac571e64fad05c29736a%3A2%3A%7Bi%3A0%3Bs%3A22%3A%22_identity-ecr-frontend%22%3Bi%3A1%3Bs%3A46%3A%22%5B5%2C%223PcHmf5C0ey0JizdY492Up3qCPhLarns%22%2C2592000%5D%22%3B%7D; _csrf=8dd3ecf17e19058c806bfe806f3cb3cbd08cb65586757963a2b5aaf0efc489e9a%3A2%3A%7Bi%3A0%3Bs%3A5%3A%22_csrf%22%3Bi%3A1%3Bs%3A32%3A%22JOECutl9qO5CbOyjqENpZCzfh1tRBvwz%22%3B%7D'
    'PATH' => 'C:\\ProgramData\\Oracle\\Java\\javapath;C:\\Windows\\system32;C:\\Windows;C:\\Windows\\System32\\Wbem;C:\\Windows\\System32\\WindowsPowerShell\\v1.0\\;C:\\Program Files\\Microsoft SQL Server\\110\\Tools\\Binn\\;C:\\Program Files (x86)\\Microsoft SDKs\\TypeScript\\1.0\\;C:\\Program Files\\Microsoft SQL Server\\120\\Tools\\Binn\\;C:\\Program Files\\Microsoft\\Web Platform Installer\\;C:\\Program Files\\TortoiseSVN\\bin;C:\\Program Files (x86)\\Common Files\\Acronis\\SnapAPI\\;G:\\usr\\php\\;C:\\Program Files (x86)\\Microsoft SQL Server\\100\\Tools\\Binn\\;C:\\Program Files\\Microsoft SQL Server\\100\\Tools\\Binn\\;C:\\Program Files\\Microsoft SQL Server\\100\\DTS\\Binn\\;C:\\Program Files (x86)\\Microsoft SQL Server\\110\\Tools\\Binn\\ManagementStudio\\;C:\\Program Files (x86)\\Microsoft SQL Server\\110\\Tools\\Binn\\;C:\\Program Files (x86)\\Microsoft SQL Server\\110\\DTS\\Binn\\;C:\\Microsoft SQL Server Migration Assistant for MySQL\\bin\\;C:\\Users\\magomed\\AppData\\Roaming\\Composer\\vendor\\bin\\;G:\\usr\\mysql\\MySQL\\MySQL Server 5.5\\bin;G:\\usr\\apache;G:\\usr\\apache\\bin;C:\\Program Files (x86)\\Microsoft ASP.NET\\ASP.NET Web Pages\\v1.0\\;C:\\Program Files\\nodejs\\;C:\\Program Files (x86)\\Skype\\Phone\\;G:\\usr\\phpunit;G:\\usr\\py35\\Scripts\\;G:\\usr\\py35\\;C:\\Program Files\\Git\\cmd;GG:\\usr\\php72xampp;\\usr\\php72xampp\\ext;G:\\usr\\www;G:\\ProgramFiles\\rabbitmq\\rabbitmq_server-3.7.5\\sbin;'
    'SystemRoot' => 'C:\\Windows'
    'COMSPEC' => 'C:\\Windows\\system32\\cmd.exe'
    'PATHEXT' => '.COM;.EXE;.BAT;.CMD;.VBS;.VBE;.JS;.JSE;.WSF;.WSH;.MSC;.PY;.PYW'
    'WINDIR' => 'C:\\Windows'
    'SERVER_SIGNATURE' => ''
    'SERVER_SOFTWARE' => 'Apache/2.4.25 (Win64) PHP/7.2.13'
    'SERVER_NAME' => 'ecr'
    'SERVER_ADDR' => '127.0.0.1'
    'SERVER_PORT' => '8080'
    'REMOTE_ADDR' => '127.0.0.1'
    'DOCUMENT_ROOT' => 'G:/usr/www/ecr/frontend/web'
    'REQUEST_SCHEME' => 'http'
    'CONTEXT_PREFIX' => ''
    'CONTEXT_DOCUMENT_ROOT' => 'G:/usr/www/ecr/frontend/web'
    'SERVER_ADMIN' => 'ali@admin.com'
    'SCRIPT_FILENAME' => 'G:/usr/www/ecr/frontend/web/index.php'
    'REMOTE_PORT' => '5272'
    'GATEWAY_INTERFACE' => 'CGI/1.1'
    'SERVER_PROTOCOL' => 'HTTP/1.1'
    'REQUEST_METHOD' => 'GET'
    'QUERY_STRING' => 'r=transfer-materials%2Fform'
    'REQUEST_URI' => '/index.php?r=transfer-materials%2Fform'
    'SCRIPT_NAME' => '/index.php'
    'PHP_SELF' => '/index.php'
    'REQUEST_TIME_FLOAT' => 1548858644.48
    'REQUEST_TIME' => 1548858644
]
